<?xml version="1.0" encoding="UTF-8"?>
<testsuite xmlns:xsi="http://www.w3.org/2001/XMLSchema-instance" xsi:noNamespaceSchemaLocation="https://maven.apache.org/surefire/maven-surefire-plugin/xsd/surefire-test-report-3.0.xsd" version="3.0" name="ie.tcd.jay.AppTest" time="0.047" tests="1" errors="0" skipped="0" failures="0">
  <properties>
    <property name="java.specification.version" value="17"/>
    <property name="sun.cpu.isalist" value="amd64"/>
    <property name="sun.jnu.encoding" value="Cp1252"/>
    <property name="java.class.path" value="C:\--------- Stuff ---------\College\TCD Modules\Sem 1\IRWS\Assignments\CA 2\Group\Info_retrieval_As2\target\test-classes;C:\--------- Stuff ---------\College\TCD Modules\Sem 1\IRWS\Assignments\CA 2\Group\Info_retrieval_As2\target\classes;C:\Users\jaybi\.m2\repository\org\jsoup\jsoup\1.16.2\jsoup-1.16.2.jar;C:\Users\jaybi\.m2\repository\org\apache\lucene\lucene-core\9.12.0\lucene-core-9.12.0.jar;C:\Users\jaybi\.m2\repository\org\apache\lucene\lucene-sandbox\9.12.0\lucene-sandbox-9.12.0.jar;C:\Users\jaybi\.m2\repository\org\apache\lucene\lucene-facet\9.12.0\lucene-facet-9.12.0.jar;C:\Users\jaybi\.m2\repository\org\apache\lucene\lucene-queryparser\9.12.0\lucene-queryparser-9.12.0.jar;C:\Users\jaybi\.m2\repository\org\apache\lucene\lucene-highlighter\9.12.0\lucene-highlighter-9.12.0.jar;C:\Users\jaybi\.m2\repository\org\apache\lucene\lucene-memory\9.12.0\lucene-memory-9.12.0.jar;C:\Users\jaybi\.m2\repository\org\apache\lucene\lucene-analysis-common\9.12.0\lucene-analysis-common-9.12.0.jar;C:\Users\jaybi\.m2\repository\org\apache\lucene\lucene-queries\9.12.0\lucene-queries-9.12.0.jar;C:\Users\jaybi\.m2\repository\org\apache\opennlp\opennlp-tools\2.3.1\opennlp-tools-2.3.1.jar;C:\Users\jaybi\.m2\repository\org\slf4j\slf4j-api\1.7.36\slf4j-api-1.7.36.jar;C:\Users\jaybi\.m2\repository\junit\junit\4.13.2\junit-4.13.2.jar;C:\Users\jaybi\.m2\repository\org\hamcrest\hamcrest-core\1.3\hamcrest-core-1.3.jar;C:\Users\jaybi\.m2\repository\org\apache\logging\log4j\log4j-core\2.22.0\log4j-core-2.22.0.jar;C:\Users\jaybi\.m2\repository\org\apache\logging\log4j\log4j-api\2.22.0\log4j-api-2.22.0.jar;"/>
    <property name="java.vm.vendor" value="Oracle Corporation"/>
    <property name="sun.arch.data.model" value="64"/>
    <property name="user.variant" value=""/>
    <property name="java.vendor.url" value="https://java.oracle.com/"/>
    <property name="user.timezone" value="Europe/London"/>
    <property name="os.name" value="Windows 11"/>
    <property name="java.vm.specification.version" value="17"/>
    <property name="sun.java.launcher" value="SUN_STANDARD"/>
    <property name="user.country" value="IN"/>
    <property name="sun.boot.library.path" value="C:\Program Files\Java\jdk-17\bin"/>
    <property name="sun.java.command" value="C:\Users\jaybi\AppData\Local\Temp\surefire10604462717410469822\surefirebooter-20241111031346970_3.jar C:\Users\jaybi\AppData\Local\Temp\surefire10604462717410469822 2024-11-11T03-13-46_795-jvmRun1 surefire-20241111031346970_1tmp surefire_0-20241111031346970_2tmp"/>
    <property name="jdk.debug" value="release"/>
    <property name="surefire.test.class.path" value="C:\--------- Stuff ---------\College\TCD Modules\Sem 1\IRWS\Assignments\CA 2\Group\Info_retrieval_As2\target\test-classes;C:\--------- Stuff ---------\College\TCD Modules\Sem 1\IRWS\Assignments\CA 2\Group\Info_retrieval_As2\target\classes;C:\Users\jaybi\.m2\repository\org\jsoup\jsoup\1.16.2\jsoup-1.16.2.jar;C:\Users\jaybi\.m2\repository\org\apache\lucene\lucene-core\9.12.0\lucene-core-9.12.0.jar;C:\Users\jaybi\.m2\repository\org\apache\lucene\lucene-sandbox\9.12.0\lucene-sandbox-9.12.0.jar;C:\Users\jaybi\.m2\repository\org\apache\lucene\lucene-facet\9.12.0\lucene-facet-9.12.0.jar;C:\Users\jaybi\.m2\repository\org\apache\lucene\lucene-queryparser\9.12.0\lucene-queryparser-9.12.0.jar;C:\Users\jaybi\.m2\repository\org\apache\lucene\lucene-highlighter\9.12.0\lucene-highlighter-9.12.0.jar;C:\Users\jaybi\.m2\repository\org\apache\lucene\lucene-memory\9.12.0\lucene-memory-9.12.0.jar;C:\Users\jaybi\.m2\repository\org\apache\lucene\lucene-analysis-common\9.12.0\lucene-analysis-common-9.12.0.jar;C:\Users\jaybi\.m2\repository\org\apache\lucene\lucene-queries\9.12.0\lucene-queries-9.12.0.jar;C:\Users\jaybi\.m2\repository\org\apache\opennlp\opennlp-tools\2.3.1\opennlp-tools-2.3.1.jar;C:\Users\jaybi\.m2\repository\org\slf4j\slf4j-api\1.7.36\slf4j-api-1.7.36.jar;C:\Users\jaybi\.m2\repository\junit\junit\4.13.2\junit-4.13.2.jar;C:\Users\jaybi\.m2\repository\org\hamcrest\hamcrest-core\1.3\hamcrest-core-1.3.jar;C:\Users\jaybi\.m2\repository\org\apache\logging\log4j\log4j-core\2.22.0\log4j-core-2.22.0.jar;C:\Users\jaybi\.m2\repository\org\apache\logging\log4j\log4j-api\2.22.0\log4j-api-2.22.0.jar;"/>
    <property name="sun.cpu.endian" value="little"/>
    <property name="user.home" value="C:\Users\jaybi"/>
    <property name="user.language" value="en"/>
    <property name="java.specification.vendor" value="Oracle Corporation"/>
    <property name="java.version.date" value="2024-07-16"/>
    <property name="java.home" value="C:\Program Files\Java\jdk-17"/>
    <property name="file.separator" value="\"/>
    <property name="basedir" value="C:\--------- Stuff ---------\College\TCD Modules\Sem 1\IRWS\Assignments\CA 2\Group\Info_retrieval_As2"/>
    <property name="java.vm.compressedOopsMode" value="32-bit"/>
    <property name="line.separator" value="&#10;"/>
    <property name="java.vm.specification.vendor" value="Oracle Corporation"/>
    <property name="java.specification.name" value="Java Platform API Specification"/>
    <property name="surefire.real.class.path" value="C:\Users\jaybi\AppData\Local\Temp\surefire10604462717410469822\surefirebooter-20241111031346970_3.jar"/>
    <property name="user.script" value=""/>
    <property name="sun.management.compiler" value="HotSpot 64-Bit Tiered Compilers"/>
    <property name="java.runtime.version" value="17.0.12+8-LTS-286"/>
    <property name="user.name" value="jaybi"/>
    <property name="path.separator" value=";"/>
    <property name="os.version" value="10.0"/>
    <property name="java.runtime.name" value="Java(TM) SE Runtime Environment"/>
    <property name="file.encoding" value="Cp1252"/>
    <property name="java.vm.name" value="Java HotSpot(TM) 64-Bit Server VM"/>
    <property name="localRepository" value="C:\Users\jaybi\.m2\repository"/>
    <property name="java.vendor.url.bug" value="https://bugreport.java.com/bugreport/"/>
    <property name="java.io.tmpdir" value="C:\Users\jaybi\AppData\Local\Temp\"/>
    <property name="java.version" value="17.0.12"/>
    <property name="user.dir" value="C:\--------- Stuff ---------\College\TCD Modules\Sem 1\IRWS\Assignments\CA 2\Group\Info_retrieval_As2"/>
    <property name="os.arch" value="amd64"/>
    <property name="java.vm.specification.name" value="Java Virtual Machine Specification"/>
    <property name="sun.os.patch.level" value=""/>
    <property name="native.encoding" value="Cp1252"/>
    <property name="java.library.path" value="C:\Program Files\Java\jdk-17\bin;C:\WINDOWS\Sun\Java\bin;C:\WINDOWS\system32;C:\WINDOWS;C:\Program Files\Common Files\Oracle\Java\javapath;C:\Windows\system32;C:\Windows;C:\Windows\System32\Wbem;C:\Windows\System32\WindowsPowerShell\v1.0\;C:\Windows\System32\OpenSSH\;C:\Program Files (x86)\NVIDIA Corporation\PhysX\Common;C:\Program Files\NVIDIA Corporation\NVIDIA NvDLISR;C:\WINDOWS\system32;C:\WINDOWS;C:\WINDOWS\System32\Wbem;C:\WINDOWS\System32\WindowsPowerShell\v1.0\;C:\WINDOWS\System32\OpenSSH\;C:\Program Files\Git\cmd;C:\Program Files\Calibre2\;C:\Users\jaybi\AppData\Local\Android\Sdk\platform-tools;C:\Program Files\Kotlin\kotlin-native-windows-x86_64-1.8.21\bin;C:\Program Files\Cloudflare\Cloudflare WARP\;C:\Program Files\Java\jdk-19\bin;C:\Users\jaybi\AppData\Roaming\nvm;C:\Program Files\nodejs;C:\Program Files\PuTTY\;C:\Users\jaybi\AppData\Local\Android\Sdk\tools;C:\Users\jaybi\AppData\Local\Programs\Python\Python311\Scripts\;C:\Users\jaybi\AppData\Local\Programs\Python\Python311\;C:\Users\jaybi\AppData\Local\Microsoft\WindowsApps;C:\Users\jaybi\AppData\Local\Programs\Microsoft VS Code\bin;C:\Users\jaybi\AppData\Roaming\npm;C:\Users\jaybi\AppData\Roaming\nvm;C:\Program Files\nodejs;C:\Program Files\JetBrains\IntelliJ IDEA Community Edition 2024.2.3\bin;;C:\--------- Stuff ---------\College\TCD Modules\Sem 1\IRWS\Assignments\Downloads\apache-maven-3.9.9\bin;C:\MinGW\bin;;."/>
    <property name="java.vm.info" value="mixed mode, sharing"/>
    <property name="java.vendor" value="Oracle Corporation"/>
    <property name="java.vm.version" value="17.0.12+8-LTS-286"/>
    <property name="sun.io.unicode.encoding" value="UnicodeLittle"/>
    <property name="java.class.version" value="61.0"/>
  </properties>
  <testcase name="testApp" classname="ie.tcd.jay.AppTest" time="0.0"/>
</testsuite>